0001_0006_0023_0056_0056.jpg 1 6 23 56 56
0002_0019_0042_0044_0044.jpg 1 19 42 44 44
0003_0013_0011_0062_0062.jpg 1 13 11 62 62
0004_0027_0028_0063_0063.jpg 1 27 28 63 63
0005_0036_0062_0024_0024.jpg 1 36 62 24 24
0006_0028_0036_0044_0044.jpg 1 28 36 44 44
0007_0010_0012_0050_0050.jpg 1 10 12 50 50
0008_0027_0019_0041_0041.jpg 1 27 19 41 41
0009_0010_0036_0059_0059.jpg 1 10 36 59 59
0010_0023_0006_0066_0066.jpg 1 23 6 66 66
0011_0007_0021_0052_0052.jpg 1 7 21 52 52
0012_0037_0035_0056_0056.jpg 1 37 35 56 56
0013_0025_0025_0048_0048.jpg 1 25 25 48 48
0014_0016_0036_0047_0047.jpg 1 16 36 47 47
0015_0027_0017_0066_0066.jpg 1 27 17 66 66
0016_0054_0064_0024_0024.jpg 1 54 64 24 24
0017_0017_0010_0060_0060.jpg 1 17 10 60 60
0018_0032_0035_0052_0052.jpg 1 32 35 52 52
0019_0037_0007_0056_0056.jpg 1 37 7 56 56
0020_0038_0020_0043_0043.jpg 1 38 20 43 43
0021_0006_0007_0046_0046.jpg 1 6 7 46 46
0022_0055_0018_0035_0035.jpg 1 55 18 35 35
0023_0008_0016_0026_0026.jpg 1 8 16 26 26
0024_0022_0024_0069_0069.jpg 1 22 24 69 69
0025_0028_0061_0031_0031.jpg 1 28 61 31 31
0026_0018_0007_0051_0051.jpg 1 18 7 51 51
0027_0044_0018_0031_0031.jpg 1 44 18 31 31
0028_0013_0051_0041_0041.jpg 1 13 51 41 41
0029_0038_0024_0056_0056.jpg 1 38 24 56 56
0030_0031_0015_0055_0055.jpg 1 31 15 55 55
0031_0019_0013_0032_0032.jpg 1 19 13 32 32
0032_0031_0052_0036_0036.jpg 1 31 52 36 36
0033_0056_0038_0029_0029.jpg 1 56 38 29 29
0034_0029_0028_0052_0052.jpg 1 29 28 52 52
0035_0026_0004_0062_0062.jpg 1 26 4 62 62
0036_0049_0041_0024_0024.jpg 1 49 41 24 24
0037_0013_0026_0041_0041.jpg 1 13 26 41 41
0038_0015_0028_0063_0063.jpg 1 15 28 63 63
0039_0041_0055_0031_0031.jpg 1 41 55 31 31
0040_0015_0049_0033_0033.jpg 1 15 49 33 33
0041_0044_0024_0048_0048.jpg 1 44 24 48 48
0042_0014_0025_0055_0055.jpg 1 14 25 55 55
0043_0014_0006_0050_0050.jpg 1 14 6 50 50
0044_0052_0024_0035_0035.jpg 1 52 24 35 35
0045_0041_0041_0038_0038.jpg 1 41 41 38 38
0046_0036_0031_0029_0029.jpg 1 36 31 29 29
0047_0024_0024_0066_0066.jpg 1 24 24 66 66
0048_0020_0024_0038_0038.jpg 1 20 24 38 38
0049_0033_0016_0050_0050.jpg 1 33 16 50 50
0050_0064_0051_0026_0026.jpg 1 64 51 26 26
0051_0012_0016_0066_0066.jpg 1 12 16 66 66
0052_0018_0008_0046_0046.jpg 1 18 8 46 46
0053_0017_0026_0068_0068.jpg 1 17 26 68 68
0054_0060_0064_0024_0024.jpg 1 60 64 24 24
0055_0031_0011_0050_0050.jpg 1 31 11 50 50
0056_0029_0030_0024_0024.jpg 1 29 30 24 24
0057_0036_0042_0051_0051.jpg 1 36 42 51 51
0058_0017_0020_0069_0069.jpg 1 17 20 69 69
0059_0032_0028_0052_0052.jpg 1 32 28 52 52
0060_0028_0025_0025_0025.jpg 1 28 25 25 25
0061_0034_0020_0057_0057.jpg 1 34 20 57 57
0062_0040_0040_0035_0035.jpg 1 40 40 35 35
0063_0059_0056_0025_0025.jpg 1 59 56 25 25
0064_0023_0047_0034_0034.jpg 1 23 47 34 34
0065_0053_0026_0029_0029.jpg 1 53 26 29 29
0066_0048_0024_0039_0039.jpg 1 48 24 39 39
0067_0009_0004_0064_0064.jpg 1 9 4 64 64
0068_0031_0034_0056_0056.jpg 1 31 34 56 56
0069_0028_0057_0027_0027.jpg 1 28 57 27 27
0070_0026_0013_0026_0026.jpg 1 26 13 26 26
0071_0010_0004_0060_0060.jpg 1 10 4 60 60
0072_0024_0018_0068_0068.jpg 1 24 18 68 68
0073_0018_0039_0052_0052.jpg 1 18 39 52 52
0074_0033_0028_0041_0041.jpg 1 33 28 41 41
0075_0018_0010_0030_0030.jpg 1 18 10 30 30
0076_0021_0021_0058_0058.jpg 1 21 21 58 58
0077_0015_0023_0057_0057.jpg 1 15 23 57 57
0078_0028_0027_0058_0058.jpg 1 28 27 58 58
0079_0013_0042_0050_0050.jpg 1 13 42 50 50
0080_0009_0046_0037_0037.jpg 1 9 46 37 37
0081_0035_0050_0039_0039.jpg 1 35 50 39 39
0082_0017_0021_0052_0052.jpg 1 17 21 52 52
0083_0037_0029_0027_0027.jpg 1 37 29 27 27
0084_0037_0019_0048_0048.jpg 1 37 19 48 48
0085_0012_0018_0066_0066.jpg 1 12 18 66 66
0086_0030_0020_0059_0059.jpg 1 30 20 59 59
0087_0017_0033_0056_0056.jpg 1 17 33 56 56
0088_0022_0011_0058_0058.jpg 1 22 11 58 58
0089_0041_0027_0029_0029.jpg 1 41 27 29 29
0090_0012_0018_0063_0063.jpg 1 12 18 63 63
0091_0014_0031_0038_0038.jpg 1 14 31 38 38
0092_0030_0024_0045_0045.jpg 1 30 24 45 45
0093_0004_0024_0065_0065.jpg 1 4 24 65 65
0094_0061_0040_0028_0028.jpg 1 61 40 28 28
0095_0029_0033_0037_0037.jpg 1 29 33 37 37
0096_0017_0007_0051_0051.jpg 1 17 7 51 51
0097_0021_0009_0059_0059.jpg 1 21 9 59 59
0098_0027_0023_0062_0062.jpg 1 27 23 62 62
0099_0005_0028_0054_0054.jpg 1 5 28 54 54
0100_0011_0014_0058_0058.jpg 1 11 14 58 58
0101_0032_0035_0033_0033.jpg 1 32 35 33 33
0102_0009_0040_0050_0050.jpg 1 9 40 50 50
0103_0007_0062_0025_0025.jpg 1 7 62 25 25
0104_0008_0033_0025_0025.jpg 1 8 33 25 25
0105_0056_0044_0033_0033.jpg 1 56 44 33 33
0106_0005_0016_0062_0062.jpg 1 5 16 62 62
0107_0028_0017_0058_0058.jpg 1 28 17 58 58
0108_0023_0014_0069_0069.jpg 1 23 14 69 69
0109_0012_0005_0056_0056.jpg 1 12 5 56 56
0110_0023_0031_0034_0034.jpg 1 23 31 34 34
0111_0021_0045_0026_0026.jpg 1 21 45 26 26
0112_0020_0023_0060_0060.jpg 1 20 23 60 60
0113_0029_0007_0040_0040.jpg 1 29 7 40 40
0114_0022_0031_0028_0028.jpg 1 22 31 28 28
0115_0018_0040_0037_0037.jpg 1 18 40 37 37
0116_0013_0046_0046_0046.jpg 1 13 46 46 46
0117_0016_0025_0042_0042.jpg 1 16 25 42 42
0118_0028_0028_0049_0049.jpg 1 28 28 49 49
0119_0036_0052_0029_0029.jpg 1 36 52 29 29
0120_0025_0051_0028_0028.jpg 1 25 51 28 28
0121_0061_0051_0029_0029.jpg 1 61 51 29 29
0122_0030_0024_0032_0032.jpg 1 30 24 32 32
0123_0052_0038_0028_0028.jpg 1 52 38 28 28
0124_0016_0048_0039_0039.jpg 1 16 48 39 39
0125_0009_0022_0052_0052.jpg 1 9 22 52 52
0126_0039_0048_0024_0024.jpg 1 39 48 24 24
0127_0032_0009_0055_0055.jpg 1 32 9 55 55
0128_0030_0030_0027_0027.jpg 1 30 30 27 27
0129_0041_0048_0040_0040.jpg 1 41 48 40 40
0130_0033_0064_0024_0024.jpg 1 33 64 24 24
0131_0011_0009_0045_0045.jpg 1 11 9 45 45
0132_0015_0059_0024_0024.jpg 1 15 59 24 24
0133_0060_0049_0027_0027.jpg 1 60 49 27 27
0134_0042_0030_0052_0052.jpg 1 42 30 52 52
0135_0013_0016_0025_0025.jpg 1 13 16 25 25
0136_0055_0051_0024_0024.jpg 1 55 51 24 24
0137_0017_0021_0066_0066.jpg 1 17 21 66 66
0138_0006_0011_0066_0066.jpg 1 6 11 66 66
0139_0017_0013_0062_0062.jpg 1 17 13 62 62
0140_0045_0020_0027_0027.jpg 1 45 20 27 27
0141_0029_0011_0065_0065.jpg 1 29 11 65 65
0142_0019_0021_0052_0052.jpg 1 19 21 52 52
0143_0022_0044_0027_0027.jpg 1 22 44 27 27
0144_0016_0011_0056_0056.jpg 1 16 11 56 56
0145_0023_0012_0034_0034.jpg 1 23 12 34 34
0146_0018_0009_0064_0064.jpg 1 18 9 64 64
0147_0005_0015_0059_0059.jpg 1 5 15 59 59
0148_0025_0030_0059_0059.jpg 1 25 30 59 59
0149_0013_0055_0034_0034.jpg 1 13 55 34 34
0150_0035_0018_0045_0045.jpg 1 35 18 45 45
0151_0013_0015_0057_0057.jpg 1 13 15 57 57
0152_0023_0053_0037_0037.jpg 1 23 53 37 37
0153_0016_0016_0064_0064.jpg 1 16 16 64 64
0154_0017_0007_0068_0068.jpg 1 17 7 68 68
0155_0025_0044_0033_0033.jpg 1 25 44 33 33
0156_0027_0011_0062_0062.jpg 1 27 11 62 62
0157_0013_0033_0062_0062.jpg 1 13 33 62 62
0158_0019_0031_0051_0051.jpg 1 19 31 51 51
0159_0023_0031_0036_0036.jpg 1 23 31 36 36
0160_0018_0022_0043_0043.jpg 1 18 22 43 43
0161_0010_0016_0048_0048.jpg 1 10 16 48 48
0162_0021_0004_0055_0055.jpg 1 21 4 55 55
0163_0043_0021_0029_0029.jpg 1 43 21 29 29
0164_0057_0017_0027_0027.jpg 1 57 17 27 27
0165_0049_0026_0043_0043.jpg 1 49 26 43 43
0166_0008_0025_0042_0042.jpg 1 8 25 42 42
0167_0059_0032_0024_0024.jpg 1 59 32 24 24
0168_0029_0030_0059_0059.jpg 1 29 30 59 59
0169_0012_0005_0061_0061.jpg 1 12 5 61 61
0170_0027_0009_0051_0051.jpg 1 27 9 51 51
0171_0035_0037_0030_0030.jpg 1 35 37 30 30
0172_0018_0014_0052_0052.jpg 1 18 14 52 52
0173_0055_0054_0038_0038.jpg 1 55 54 38 38
0174_0023_0035_0046_0046.jpg 1 23 35 46 46
0175_0046_0008_0040_0040.jpg 1 46 8 40 40
0176_0029_0023_0063_0063.jpg 1 29 23 63 63
0177_0020_0027_0069_0069.jpg 1 20 27 69 69
0178_0046_0040_0033_0033.jpg 1 46 40 33 33
0179_0046_0007_0026_0026.jpg 1 46 7 26 26
0180_0036_0026_0058_0058.jpg 1 36 26 58 58
0181_0046_0052_0033_0033.jpg 1 46 52 33 33
0182_0036_0026_0058_0058.jpg 1 36 26 58 58
0183_0029_0049_0028_0028.jpg 1 29 49 28 28
0184_0006_0023_0036_0036.jpg 1 6 23 36 36
0185_0023_0028_0044_0044.jpg 1 23 28 44 44
0186_0009_0041_0051_0051.jpg 1 9 41 51 51
0187_0043_0049_0036_0036.jpg 1 43 49 36 36
0188_0040_0021_0030_0030.jpg 1 40 21 30 30
0189_0028_0026_0033_0033.jpg 1 28 26 33 33
0190_0015_0011_0055_0055.jpg 1 15 11 55 55
0191_0030_0016_0046_0046.jpg 1 30 16 46 46
0192_0024_0016_0024_0024.jpg 1 24 16 24 24
0193_0021_0035_0039_0039.jpg 1 21 35 39 39
0194_0031_0022_0048_0048.jpg 1 31 22 48 48
0195_0014_0039_0054_0054.jpg 1 14 39 54 54
0196_0046_0051_0033_0033.jpg 1 46 51 33 33
0197_0030_0026_0063_0063.jpg 1 30 26 63 63
0198_0007_0026_0047_0047.jpg 1 7 26 47 47
0199_0009_0025_0037_0037.jpg 1 9 25 37 37
0200_0033_0008_0054_0054.jpg 1 33 8 54 54
0201_0017_0025_0056_0056.jpg 1 17 25 56 56
0202_0039_0022_0035_0035.jpg 1 39 22 35 35
0203_0024_0022_0067_0067.jpg 1 24 22 67 67
0204_0022_0037_0051_0051.jpg 1 22 37 51 51
0205_0040_0024_0034_0034.jpg 1 40 24 34 34
0206_0020_0005_0068_0068.jpg 1 20 5 68 68
0207_0009_0019_0066_0066.jpg 1 9 19 66 66
0208_0031_0048_0040_0040.jpg 1 31 48 40 40
0209_0013_0030_0045_0045.jpg 1 13 30 45 45
0210_0016_0004_0059_0059.jpg 1 16 4 59 59
0211_0057_0029_0029_0029.jpg 1 57 29 29 29
0212_0014_0010_0043_0043.jpg 1 14 10 43 43
0213_0026_0013_0069_0069.jpg 1 26 13 69 69
0214_0050_0021_0028_0028.jpg 1 50 21 28 28
0215_0038_0036_0026_0026.jpg 1 38 36 26 26
0216_0018_0004_0062_0062.jpg 1 18 4 62 62
0217_0011_0014_0062_0062.jpg 1 11 14 62 62
0218_0023_0032_0053_0053.jpg 1 23 32 53 53
0219_0023_0009_0051_0051.jpg 1 23 9 51 51
0220_0043_0040_0031_0031.jpg 1 43 40 31 31
0221_0006_0041_0054_0054.jpg 1 6 41 54 54
0222_0034_0034_0056_0056.jpg 1 34 34 56 56
0223_0013_0044_0025_0025.jpg 1 13 44 25 25
0224_0011_0010_0040_0040.jpg 1 11 10 40 40
0225_0032_0035_0037_0037.jpg 1 32 35 37 37
0226_0041_0024_0029_0029.jpg 1 41 24 29 29
0227_0017_0007_0069_0069.jpg 1 17 7 69 69
0228_0023_0026_0048_0048.jpg 1 23 26 48 48
0229_0006_0026_0063_0063.jpg 1 6 26 63 63
0230_0023_0024_0043_0043.jpg 1 23 24 43 43
0231_0047_0060_0027_0027.jpg 1 47 60 27 27
0232_0051_0033_0042_0042.jpg 1 51 33 42 42
0233_0047_0023_0030_0030.jpg 1 47 23 30 30
0234_0022_0017_0031_0031.jpg 1 22 17 31 31
0235_0017_0031_0040_0040.jpg 1 17 31 40 40
0236_0038_0032_0031_0031.jpg 1 38 32 31 31
0237_0020_0012_0054_0054.jpg 1 20 12 54 54
0238_0025_0020_0044_0044.jpg 1 25 20 44 44
0239_0033_0009_0033_0033.jpg 1 33 9 33 33
0240_0009_0043_0026_0026.jpg 1 9 43 26 26
0241_0034_0031_0051_0051.jpg 1 34 31 51 51
0242_0013_0023_0061_0061.jpg 1 13 23 61 61
0243_0028_0041_0047_0047.jpg 1 28 41 47 47
0244_0021_0031_0055_0055.jpg 1 21 31 55 55
0245_0031_0007_0053_0053.jpg 1 31 7 53 53
0246_0016_0015_0061_0061.jpg 1 16 15 61 61
0247_0050_0043_0038_0038.jpg 1 50 43 38 38
0248_0032_0026_0061_0061.jpg 1 32 26 61 61
0249_0010_0006_0064_0064.jpg 1 10 6 64 64
0250_0028_0029_0041_0041.jpg 1 28 29 41 41
0251_0021_0023_0064_0064.jpg 1 21 23 64 64
0252_0018_0028_0046_0046.jpg 1 18 28 46 46
0253_0035_0015_0056_0056.jpg 1 35 15 56 56
0254_0015_0031_0046_0046.jpg 1 15 31 46 46
0255_0034_0021_0030_0030.jpg 1 34 21 30 30
0256_0024_0034_0055_0055.jpg 1 24 34 55 55
0257_0038_0036_0049_0049.jpg 1 38 36 49 49
0258_0026_0023_0033_0033.jpg 1 26 23 33 33
0259_0025_0015_0058_0058.jpg 1 25 15 58 58
0260_0008_0023_0045_0045.jpg 1 8 23 45 45
0261_0046_0051_0033_0033.jpg 1 46 51 33 33
0262_0039_0049_0030_0030.jpg 1 39 49 30 30
0263_0031_0019_0040_0040.jpg 1 31 19 40 40
0264_0050_0044_0042_0042.jpg 1 50 44 42 42
0265_0005_0027_0042_0042.jpg 1 5 27 42 42
0266_0014_0034_0032_0032.jpg 1 14 34 32 32
0267_0009_0013_0068_0068.jpg 1 9 13 68 68
0268_0034_0025_0040_0040.jpg 1 34 25 40 40
0269_0027_0020_0068_0068.jpg 1 27 20 68 68
0270_0014_0028_0064_0064.jpg 1 14 28 64 64
0271_0013_0006_0048_0048.jpg 1 13 6 48 48
0272_0048_0026_0045_0045.jpg 1 48 26 45 45
0273_0034_0013_0058_0058.jpg 1 34 13 58 58
0274_0036_0018_0049_0049.jpg 1 36 18 49 49
0275_0047_0041_0045_0045.jpg 1 47 41 45 45
0276_0022_0007_0043_0043.jpg 1 22 7 43 43
0277_0009_0010_0024_0024.jpg 1 9 10 24 24
0278_0040_0046_0037_0037.jpg 1 40 46 37 37
0279_0029_0032_0036_0036.jpg 1 29 32 36 36
0280_0034_0012_0030_0030.jpg 1 34 12 30 30
0281_0038_0030_0053_0053.jpg 1 38 30 53 53
0282_0008_0023_0047_0047.jpg 1 8 23 47 47
0283_0050_0028_0026_0026.jpg 1 50 28 26 26
0284_0025_0037_0051_0051.jpg 1 25 37 51 51
0285_0009_0006_0051_0051.jpg 1 9 6 51 51
0286_0005_0020_0056_0056.jpg 1 5 20 56 56
0287_0031_0034_0043_0043.jpg 1 31 34 43 43
0288_0027_0023_0045_0045.jpg 1 27 23 45 45
0289_0035_0023_0055_0055.jpg 1 35 23 55 55
0290_0010_0026_0048_0048.jpg 1 10 26 48 48
0291_0007_0043_0032_0032.jpg 1 7 43 32 32
0292_0053_0038_0027_0027.jpg 1 53 38 27 27
0293_0026_0015_0069_0069.jpg 1 26 15 69 69
0294_0018_0058_0029_0029.jpg 1 18 58 29 29
0295_0008_0007_0050_0050.jpg 1 8 7 50 50
0296_0032_0011_0054_0054.jpg 1 32 11 54 54
0297_0013_0030_0060_0060.jpg 1 13 30 60 60
0298_0026_0017_0050_0050.jpg 1 26 17 50 50
0299_0058_0011_0034_0034.jpg 1 58 11 34 34
0300_0015_0017_0026_0026.jpg 1 15 17 26 26
0301_0010_0019_0055_0055.jpg 1 10 19 55 55
0302_0021_0017_0058_0058.jpg 1 21 17 58 58
0303_0025_0042_0026_0026.jpg 1 25 42 26 26
0304_0034_0014_0049_0049.jpg 1 34 14 49 49
0305_0031_0017_0058_0058.jpg 1 31 17 58 58
0306_0040_0027_0038_0038.jpg 1 40 27 38 38
0307_0008_0033_0056_0056.jpg 1 8 33 56 56
0308_0037_0006_0052_0052.jpg 1 37 6 52 52
0309_0009_0018_0054_0054.jpg 1 9 18 54 54
0310_0040_0012_0047_0047.jpg 1 40 12 47 47
0311_0034_0021_0044_0044.jpg 1 34 21 44 44
0312_0006_0016_0039_0039.jpg 1 6 16 39 39
0313_0017_0008_0031_0031.jpg 1 17 8 31 31
0314_0023_0036_0052_0052.jpg 1 23 36 52 52
0315_0055_0040_0035_0035.jpg 1 55 40 35 35
0316_0019_0050_0034_0034.jpg 1 19 50 34 34
0317_0021_0012_0039_0039.jpg 1 21 12 39 39
0318_0005_0024_0065_0065.jpg 1 5 24 65 65
0319_0040_0054_0039_0039.jpg 1 40 54 39 39
0320_0048_0049_0045_0045.jpg 1 48 49 45 45
0321_0021_0050_0029_0029.jpg 1 21 50 29 29
0322_0019_0046_0043_0043.jpg 1 19 46 43 43
0323_0009_0019_0025_0025.jpg 1 9 19 25 25
0324_0048_0041_0032_0032.jpg 1 48 41 32 32
0325_0030_0014_0035_0035.jpg 1 30 14 35 35
0326_0042_0015_0049_0049.jpg 1 42 15 49 49
0327_0037_0039_0053_0053.jpg 1 37 39 53 53
0328_0062_0065_0024_0024.jpg 1 62 65 24 24
0329_0014_0017_0069_0069.jpg 1 14 17 69 69
0330_0039_0047_0040_0040.jpg 1 39 47 40 40
0331_0020_0022_0067_0067.jpg 1 20 22 67 67
0332_0034_0015_0036_0036.jpg 1 34 15 36 36
0333_0030_0021_0038_0038.jpg 1 30 21 38 38
0334_0011_0012_0057_0057.jpg 1 11 12 57 57
0335_0042_0037_0051_0051.jpg 1 42 37 51 51
0336_0009_0003_0069_0069.jpg 1 9 3 69 69
0337_0013_0011_0068_0068.jpg 1 13 11 68 68
0338_0022_0009_0056_0056.jpg 1 22 9 56 56
0339_0014_0032_0055_0055.jpg 1 14 32 55 55
0340_0048_0056_0024_0024.jpg 1 48 56 24 24
0341_0034_0010_0039_0039.jpg 1 34 10 39 39
0342_0018_0032_0051_0051.jpg 1 18 32 51 51
0343_0035_0042_0035_0035.jpg 1 35 42 35 35
0344_0051_0013_0041_0041.jpg 1 51 13 41 41
0345_0061_0041_0029_0029.jpg 1 61 41 29 29
0346_0020_0037_0042_0042.jpg 1 20 37 42 42
0347_0032_0041_0050_0050.jpg 1 32 41 50 50
0348_0017_0013_0066_0066.jpg 1 17 13 66 66
0349_0050_0021_0025_0025.jpg 1 50 21 25 25
0350_0008_0020_0063_0063.jpg 1 8 20 63 63
0351_0020_0013_0045_0045.jpg 1 20 13 45 45
0352_0010_0011_0068_0068.jpg 1 10 11 68 68
0353_0019_0022_0047_0047.jpg 1 19 22 47 47
0354_0030_0006_0059_0059.jpg 1 30 6 59 59
0355_0006_0030_0060_0060.jpg 1 6 30 60 60
0356_0012_0033_0055_0055.jpg 1 12 33 55 55
0357_0030_0014_0054_0054.jpg 1 30 14 54 54
0358_0022_0026_0063_0063.jpg 1 22 26 63 63
0359_0009_0037_0055_0055.jpg 1 9 37 55 55
0360_0029_0022_0058_0058.jpg 1 29 22 58 58
0361_0043_0061_0031_0031.jpg 1 43 61 31 31
0362_0011_0014_0069_0069.jpg 1 11 14 69 69
0363_0013_0018_0047_0047.jpg 1 13 18 47 47
0364_0025_0012_0063_0063.jpg 1 25 12 63 63
0365_0017_0025_0067_0067.jpg 1 17 25 67 67
0366_0029_0044_0040_0040.jpg 1 29 44 40 40
0367_0049_0033_0032_0032.jpg 1 49 33 32 32
0368_0028_0027_0041_0041.jpg 1 28 27 41 41
0369_0012_0005_0058_0058.jpg 1 12 5 58 58
0370_0014_0034_0046_0046.jpg 1 14 34 46 46
0371_0051_0043_0032_0032.jpg 1 51 43 32 32
0372_0065_0035_0024_0024.jpg 1 65 35 24 24
0373_0024_0017_0055_0055.jpg 1 24 17 55 55
0374_0025_0021_0031_0031.jpg 1 25 21 31 31
0375_0015_0045_0026_0026.jpg 1 15 45 26 26
0376_0022_0040_0026_0026.jpg 1 22 40 26 26
0377_0037_0029_0058_0058.jpg 1 37 29 58 58
0378_0010_0014_0052_0052.jpg 1 10 14 52 52
0379_0034_0029_0038_0038.jpg 1 34 29 38 38
0380_0012_0027_0030_0030.jpg 1 12 27 30 30
0381_0011_0037_0032_0032.jpg 1 11 37 32 32
0382_0055_0039_0025_0025.jpg 1 55 39 25 25
0383_0021_0014_0047_0047.jpg 1 21 14 47 47
0384_0012_0020_0063_0063.jpg 1 12 20 63 63
0385_0038_0039_0048_0048.jpg 1 38 39 48 48
0386_0010_0009_0040_0040.jpg 1 10 9 40 40
0387_0041_0018_0053_0053.jpg 1 41 18 53 53
0388_0014_0021_0025_0025.jpg 1 14 21 25 25
0389_0032_0015_0030_0030.jpg 1 32 15 30 30
0390_0014_0026_0038_0038.jpg 1 14 26 38 38
0391_0012_0005_0069_0069.jpg 1 12 5 69 69
0392_0020_0042_0043_0043.jpg 1 20 42 43 43
0393_0006_0008_0068_0068.jpg 1 6 8 68 68
0394_0005_0034_0053_0053.jpg 1 5 34 53 53
0395_0046_0024_0034_0034.jpg 1 46 24 34 34
0396_0047_0018_0047_0047.jpg 1 47 18 47 47
0397_0029_0031_0063_0063.jpg 1 29 31 63 63
0398_0019_0023_0024_0024.jpg 1 19 23 24 24
0399_0018_0019_0038_0038.jpg 1 18 19 38 38
0400_0021_0006_0045_0045.jpg 1 21 6 45 45
0401_0007_0015_0044_0044.jpg 1 7 15 44 44
0402_0013_0030_0059_0059.jpg 1 13 30 59 59
0403_0024_0008_0058_0058.jpg 1 24 8 58 58
0404_0052_0055_0025_0025.jpg 1 52 55 25 25
0405_0061_0044_0028_0028.jpg 1 61 44 28 28
0406_0045_0012_0042_0042.jpg 1 45 12 42 42
0407_0035_0021_0037_0037.jpg 1 35 21 37 37
0408_0029_0030_0061_0061.jpg 1 29 30 61 61
0409_0037_0016_0047_0047.jpg 1 37 16 47 47
0410_0042_0032_0049_0049.jpg 1 42 32 49 49
0411_0022_0023_0024_0024.jpg 1 22 23 24 24
0412_0025_0038_0049_0049.jpg 1 25 38 49 49
0413_0003_0017_0069_0069.jpg 1 3 17 69 69
0414_0032_0028_0053_0053.jpg 1 32 28 53 53
0415_0022_0035_0049_0049.jpg 1 22 35 49 49
0416_0016_0025_0047_0047.jpg 1 16 25 47 47
0417_0045_0021_0047_0047.jpg 1 45 21 47 47
0418_0058_0052_0031_0031.jpg 1 58 52 31 31
0419_0023_0010_0049_0049.jpg 1 23 10 49 49
0420_0049_0010_0045_0045.jpg 1 49 10 45 45
0421_0011_0046_0046_0046.jpg 1 11 46 46 46
0422_0011_0010_0065_0065.jpg 1 11 10 65 65
0423_0037_0026_0043_0043.jpg 1 37 26 43 43
0424_0015_0018_0032_0032.jpg 1 15 18 32 32
0425_0030_0020_0033_0033.jpg 1 30 20 33 33
0426_0017_0046_0037_0037.jpg 1 17 46 37 37
0427_0019_0013_0057_0057.jpg 1 19 13 57 57
0428_0031_0014_0063_0063.jpg 1 31 14 63 63
0429_0045_0056_0030_0030.jpg 1 45 56 30 30
0430_0028_0039_0035_0035.jpg 1 28 39 35 35
0431_0028_0019_0062_0062.jpg 1 28 19 62 62
0432_0022_0018_0026_0026.jpg 1 22 18 26 26
0433_0045_0026_0043_0043.jpg 1 45 26 43 43
0434_0020_0015_0069_0069.jpg 1 20 15 69 69
0435_0022_0014_0048_0048.jpg 1 22 14 48 48
0436_0029_0036_0049_0049.jpg 1 29 36 49 49
0437_0016_0023_0047_0047.jpg 1 16 23 47 47
0438_0022_0060_0026_0026.jpg 1 22 60 26 26
0439_0026_0012_0067_0067.jpg 1 26 12 67 67
0440_0027_0012_0065_0065.jpg 1 27 12 65 65
0441_0028_0029_0059_0059.jpg 1 28 29 59 59
0442_0008_0059_0030_0030.jpg 1 8 59 30 30
0443_0031_0009_0039_0039.jpg 1 31 9 39 39
0444_0017_0009_0069_0069.jpg 1 17 9 69 69
0445_0025_0029_0063_0063.jpg 1 25 29 63 63
0446_0047_0057_0028_0028.jpg 1 47 57 28 28
0447_0037_0015_0052_0052.jpg 1 37 15 52 52
0448_0012_0022_0063_0063.jpg 1 12 22 63 63
0449_0007_0021_0065_0065.jpg 1 7 21 65 65
0450_0004_0005_0056_0056.jpg 1 4 5 56 56
0451_0053_0038_0028_0028.jpg 1 53 38 28 28
0452_0038_0007_0056_0056.jpg 1 38 7 56 56
0453_0045_0042_0031_0031.jpg 1 45 42 31 31
0454_0040_0020_0032_0032.jpg 1 40 20 32 32
0455_0020_0014_0052_0052.jpg 1 20 14 52 52
0456_0062_0022_0028_0028.jpg 1 62 22 28 28
0457_0010_0038_0035_0035.jpg 1 10 38 35 35
0458_0033_0018_0043_0043.jpg 1 33 18 43 43
0459_0018_0012_0044_0044.jpg 1 18 12 44 44
0460_0006_0030_0051_0051.jpg 1 6 30 51 51
0461_0011_0009_0059_0059.jpg 1 11 9 59 59
0462_0034_0025_0061_0061.jpg 1 34 25 61 61
0463_0015_0050_0040_0040.jpg 1 15 50 40 40
0464_0014_0005_0056_0056.jpg 1 14 5 56 56
0465_0043_0024_0049_0049.jpg 1 43 24 49 49
0466_0019_0036_0037_0037.jpg 1 19 36 37 37
0467_0038_0035_0049_0049.jpg 1 38 35 49 49
0468_0051_0021_0040_0040.jpg 1 51 21 40 40
0469_0027_0013_0031_0031.jpg 1 27 13 31 31
0470_0017_0027_0044_0044.jpg 1 17 27 44 44
0471_0008_0040_0046_0046.jpg 1 8 40 46 46
0472_0031_0009_0065_0065.jpg 1 31 9 65 65
0473_0032_0053_0035_0035.jpg 1 32 53 35 35
0474_0020_0012_0029_0029.jpg 1 20 12 29 29
0475_0021_0009_0058_0058.jpg 1 21 9 58 58
0476_0043_0032_0032_0032.jpg 1 43 32 32 32
0477_0033_0029_0048_0048.jpg 1 33 29 48 48
0478_0004_0022_0063_0063.jpg 1 4 22 63 63
0479_0005_0018_0064_0064.jpg 1 5 18 64 64
0480_0061_0049_0026_0026.jpg 1 61 49 26 26
0481_0049_0040_0025_0025.jpg 1 49 40 25 25
0482_0035_0008_0045_0045.jpg 1 35 8 45 45
0483_0044_0012_0045_0045.jpg 1 44 12 45 45
0484_0026_0021_0058_0058.jpg 1 26 21 58 58
0485_0025_0024_0053_0053.jpg 1 25 24 53 53
0486_0006_0043_0047_0047.jpg 1 6 43 47 47
0487_0014_0008_0055_0055.jpg 1 14 8 55 55
0488_0013_0004_0065_0065.jpg 1 13 4 65 65
0489_0024_0005_0063_0063.jpg 1 24 5 63 63
0490_0046_0041_0045_0045.jpg 1 46 41 45 45
0491_0046_0019_0042_0042.jpg 1 46 19 42 42
0492_0029_0034_0054_0054.jpg 1 29 34 54 54
0493_0007_0063_0027_0027.jpg 1 7 63 27 27
0494_0018_0027_0051_0051.jpg 1 18 27 51 51
0495_0063_0040_0026_0026.jpg 1 63 40 26 26
0496_0039_0019_0055_0055.jpg 1 39 19 55 55
0497_0020_0028_0061_0061.jpg 1 20 28 61 61
0498_0033_0023_0060_0060.jpg 1 33 23 60 60
0499_0016_0009_0057_0057.jpg 1 16 9 57 57
0500_0027_0009_0046_0046.jpg 1 27 9 46 46
0501_0041_0047_0027_0027.jpg 1 41 47 27 27
0502_0014_0021_0066_0066.jpg 1 14 21 66 66
0503_0009_0029_0051_0051.jpg 1 9 29 51 51
0504_0028_0014_0040_0040.jpg 1 28 14 40 40
0505_0030_0015_0044_0044.jpg 1 30 15 44 44
0506_0031_0027_0026_0026.jpg 1 31 27 26 26
0507_0025_0032_0043_0043.jpg 1 25 32 43 43
0508_0010_0018_0054_0054.jpg 1 10 18 54 54
0509_0053_0056_0030_0030.jpg 1 53 56 30 30
0510_0055_0006_0034_0034.jpg 1 55 6 34 34
0511_0010_0038_0052_0052.jpg 1 10 38 52 52
0512_0016_0043_0050_0050.jpg 1 16 43 50 50
0513_0007_0009_0063_0063.jpg 1 7 9 63 63
0514_0028_0049_0029_0029.jpg 1 28 49 29 29
0515_0007_0022_0060_0060.jpg 1 7 22 60 60
0516_0016_0039_0055_0055.jpg 1 16 39 55 55
0517_0035_0034_0054_0054.jpg 1 35 34 54 54
0518_0018_0031_0053_0053.jpg 1 18 31 53 53
0519_0035_0023_0046_0046.jpg 1 35 23 46 46
0520_0051_0043_0042_0042.jpg 1 51 43 42 42
0521_0015_0032_0040_0040.jpg 1 15 32 40 40
0522_0019_0041_0035_0035.jpg 1 19 41 35 35
0523_0026_0016_0056_0056.jpg 1 26 16 56 56
0524_0033_0026_0061_0061.jpg 1 33 26 61 61
0525_0029_0049_0044_0044.jpg 1 29 49 44 44
0526_0014_0031_0024_0024.jpg 1 14 31 24 24
0527_0012_0008_0067_0067.jpg 1 12 8 67 67
0528_0036_0023_0059_0059.jpg 1 36 23 59 59
0529_0038_0008_0043_0043.jpg 1 38 8 43 43
0530_0007_0018_0045_0045.jpg 1 7 18 45 45
0531_0028_0014_0049_0049.jpg 1 28 14 49 49
0532_0024_0063_0029_0029.jpg 1 24 63 29 29
0533_0024_0009_0060_0060.jpg 1 24 9 60 60
0534_0016_0022_0026_0026.jpg 1 16 22 26 26
0535_0026_0055_0030_0030.jpg 1 26 55 30 30
0536_0008_0028_0044_0044.jpg 1 8 28 44 44
0537_0012_0008_0058_0058.jpg 1 12 8 58 58
0538_0041_0023_0047_0047.jpg 1 41 23 47 47
0539_0016_0036_0028_0028.jpg 1 16 36 28 28
0540_0018_0056_0037_0037.jpg 1 18 56 37 37
0541_0007_0013_0054_0054.jpg 1 7 13 54 54
0542_0033_0027_0053_0053.jpg 1 33 27 53 53
0543_0009_0023_0036_0036.jpg 1 9 23 36 36
0544_0032_0020_0056_0056.jpg 1 32 20 56 56
0545_0021_0011_0060_0060.jpg 1 21 11 60 60
0546_0032_0008_0054_0054.jpg 1 32 8 54 54
0547_0059_0048_0027_0027.jpg 1 59 48 27 27
0548_0013_0051_0029_0029.jpg 1 13 51 29 29
0549_0036_0024_0049_0049.jpg 1 36 24 49 49
0550_0034_0063_0025_0025.jpg 1 34 63 25 25
0551_0011_0016_0045_0045.jpg 1 11 16 45 45
0552_0015_0043_0049_0049.jpg 1 15 43 49 49
0553_0036_0008_0031_0031.jpg 1 36 8 31 31
0554_0008_0016_0069_0069.jpg 1 8 16 69 69
0555_0020_0022_0063_0063.jpg 1 20 22 63 63
0556_0026_0024_0046_0046.jpg 1 26 24 46 46
0557_0017_0016_0058_0058.jpg 1 17 16 58 58
0558_0053_0027_0038_0038.jpg 1 53 27 38 38
0559_0019_0008_0066_0066.jpg 1 19 8 66 66
0560_0018_0039_0040_0040.jpg 1 18 39 40 40
0561_0011_0039_0030_0030.jpg 1 11 39 30 30
0562_0025_0023_0068_0068.jpg 1 25 23 68 68
0563_0022_0023_0061_0061.jpg 1 22 23 61 61
0564_0058_0013_0029_0029.jpg 1 58 13 29 29
0565_0014_0030_0043_0043.jpg 1 14 30 43 43
0566_0033_0005_0062_0062.jpg 1 33 5 62 62
0567_0022_0015_0063_0063.jpg 1 22 15 63 63
0568_0005_0020_0052_0052.jpg 1 5 20 52 52
0569_0009_0006_0057_0057.jpg 1 9 6 57 57
0570_0043_0025_0027_0027.jpg 1 43 25 27 27
0571_0007_0010_0066_0066.jpg 1 7 10 66 66
0572_0013_0021_0064_0064.jpg 1 13 21 64 64
0573_0026_0053_0025_0025.jpg 1 26 53 25 25
0574_0040_0013_0053_0053.jpg 1 40 13 53 53
0575_0029_0035_0041_0041.jpg 1 29 35 41 41
0576_0008_0010_0060_0060.jpg 1 8 10 60 60
0577_0032_0037_0054_0054.jpg 1 32 37 54 54
0578_0045_0049_0031_0031.jpg 1 45 49 31 31
0579_0015_0052_0042_0042.jpg 1 15 52 42 42
0580_0022_0007_0063_0063.jpg 1 22 7 63 63
0581_0023_0028_0040_0040.jpg 1 23 28 40 40
0582_0019_0021_0048_0048.jpg 1 19 21 48 48
0583_0040_0029_0030_0030.jpg 1 40 29 30 30
0584_0008_0026_0053_0053.jpg 1 8 26 53 53
0585_0051_0030_0032_0032.jpg 1 51 30 32 32
0586_0015_0030_0063_0063.jpg 1 15 30 63 63
0587_0024_0013_0045_0045.jpg 1 24 13 45 45
0588_0011_0013_0059_0059.jpg 1 11 13 59 59
0589_0032_0004_0059_0059.jpg 1 32 4 59 59
0590_0008_0026_0053_0053.jpg 1 8 26 53 53
0591_0012_0041_0043_0043.jpg 1 12 41 43 43
0592_0019_0030_0051_0051.jpg 1 19 30 51 51
0593_0009_0018_0027_0027.jpg 1 9 18 27 27
0594_0025_0019_0064_0064.jpg 1 25 19 64 64
0595_0015_0037_0052_0052.jpg 1 15 37 52 52
0596_0034_0035_0058_0058.jpg 1 34 35 58 58
0597_0012_0035_0037_0037.jpg 1 12 35 37 37
0598_0024_0013_0045_0045.jpg 1 24 13 45 45
0599_0028_0025_0040_0040.jpg 1 28 25 40 40
0600_0025_0035_0026_0026.jpg 1 25 35 26 26
0601_0017_0021_0068_0068.jpg 1 17 21 68 68
0602_0014_0025_0055_0055.jpg 1 14 25 55 55
0603_0041_0045_0025_0025.jpg 1 41 45 25 25
0604_0049_0050_0033_0033.jpg 1 49 50 33 33
0605_0036_0005_0058_0058.jpg 1 36 5 58 58
0606_0018_0020_0058_0058.jpg 1 18 20 58 58
0607_0015_0020_0065_0065.jpg 1 15 20 65 65
0608_0042_0027_0039_0039.jpg 1 42 27 39 39
0609_0015_0023_0065_0065.jpg 1 15 23 65 65
0610_0008_0021_0025_0025.jpg 1 8 21 25 25
0611_0007_0031_0063_0063.jpg 1 7 31 63 63
0612_0024_0011_0051_0051.jpg 1 24 11 51 51
0613_0008_0014_0040_0040.jpg 1 8 14 40 40
0614_0024_0009_0062_0062.jpg 1 24 9 62 62
0615_0034_0018_0052_0052.jpg 1 34 18 52 52
0616_0006_0042_0042_0042.jpg 1 6 42 42 42
0617_0041_0010_0046_0046.jpg 1 41 10 46 46
0618_0012_0048_0044_0044.jpg 1 12 48 44 44
0619_0029_0007_0066_0066.jpg 1 29 7 66 66
0620_0012_0026_0028_0028.jpg 1 12 26 28 28
0621_0050_0017_0030_0030.jpg 1 50 17 30 30
0622_0006_0011_0068_0068.jpg 1 6 11 68 68
0623_0051_0009_0033_0033.jpg 1 51 9 33 33
0624_0054_0054_0036_0036.jpg 1 54 54 36 36
0625_0020_0029_0059_0059.jpg 1 20 29 59 59
0626_0029_0032_0054_0054.jpg 1 29 32 54 54
0627_0044_0032_0031_0031.jpg 1 44 32 31 31
0628_0012_0011_0053_0053.jpg 1 12 11 53 53
0629_0006_0045_0044_0044.jpg 1 6 45 44 44
0630_0022_0012_0059_0059.jpg 1 22 12 59 59
0631_0050_0052_0041_0041.jpg 1 50 52 41 41
0632_0028_0017_0031_0031.jpg 1 28 17 31 31
0633_0059_0035_0029_0029.jpg 1 59 35 29 29
0634_0029_0039_0051_0051.jpg 1 29 39 51 51
0635_0014_0017_0051_0051.jpg 1 14 17 51 51
0636_0018_0017_0066_0066.jpg 1 18 17 66 66
0637_0036_0031_0058_0058.jpg 1 36 31 58 58
0638_0039_0039_0053_0053.jpg 1 39 39 53 53
0639_0029_0027_0029_0029.jpg 1 29 27 29 29
0640_0037_0033_0052_0052.jpg 1 37 33 52 52
0641_0005_0030_0065_0065.jpg 1 5 30 65 65
0642_0010_0028_0063_0063.jpg 1 10 28 63 63
0643_0022_0012_0059_0059.jpg 1 22 12 59 59
0644_0036_0056_0037_0037.jpg 1 36 56 37 37
0645_0015_0033_0025_0025.jpg 1 15 33 25 25
0646_0007_0031_0053_0053.jpg 1 7 31 53 53
0647_0030_0020_0051_0051.jpg 1 30 20 51 51
0648_0005_0011_0051_0051.jpg 1 5 11 51 51
0649_0034_0025_0036_0036.jpg 1 34 25 36 36
0650_0057_0007_0034_0034.jpg 1 57 7 34 34
0651_0028_0043_0029_0029.jpg 1 28 43 29 29
0652_0013_0007_0030_0030.jpg 1 13 7 30 30
0653_0023_0044_0037_0037.jpg 1 23 44 37 37
0654_0042_0005_0045_0045.jpg 1 42 5 45 45
0655_0031_0037_0047_0047.jpg 1 31 37 47 47
0656_0043_0008_0037_0037.jpg 1 43 8 37 37
0657_0039_0025_0035_0035.jpg 1 39 25 35 35
0658_0034_0049_0039_0039.jpg 1 34 49 39 39
0659_0021_0051_0032_0032.jpg 1 21 51 32 32
0660_0006_0042_0045_0045.jpg 1 6 42 45 45
0661_0020_0012_0069_0069.jpg 1 20 12 69 69
0662_0053_0012_0035_0035.jpg 1 53 12 35 35
0663_0045_0066_0024_0024.jpg 1 45 66 24 24
0664_0015_0022_0048_0048.jpg 1 15 22 48 48
0665_0040_0005_0048_0048.jpg 1 40 5 48 48
0666_0032_0065_0024_0024.jpg 1 32 65 24 24
0667_0033_0050_0030_0030.jpg 1 33 50 30 30
0668_0022_0003_0069_0069.jpg 1 22 3 69 69
0669_0035_0040_0050_0050.jpg 1 35 40 50 50
0670_0007_0023_0065_0065.jpg 1 7 23 65 65
0671_0004_0016_0064_0064.jpg 1 4 16 64 64
0672_0036_0033_0046_0046.jpg 1 36 33 46 46
0673_0018_0009_0069_0069.jpg 1 18 9 69 69
0674_0006_0010_0065_0065.jpg 1 6 10 65 65
0675_0039_0022_0030_0030.jpg 1 39 22 30 30
0676_0046_0053_0040_0040.jpg 1 46 53 40 40
0677_0010_0014_0037_0037.jpg 1 10 14 37 37
0678_0046_0026_0038_0038.jpg 1 46 26 38 38
0679_0040_0011_0034_0034.jpg 1 40 11 34 34
0680_0034_0028_0051_0051.jpg 1 34 28 51 51
0681_0058_0055_0029_0029.jpg 1 58 55 29 29
0682_0037_0039_0053_0053.jpg 1 37 39 53 53
0683_0020_0023_0026_0026.jpg 1 20 23 26 26
0684_0040_0044_0027_0027.jpg 1 40 44 27 27
0685_0035_0016_0050_0050.jpg 1 35 16 50 50
0686_0009_0007_0059_0059.jpg 1 9 7 59 59
0687_0034_0025_0030_0030.jpg 1 34 25 30 30
0688_0040_0035_0049_0049.jpg 1 40 35 49 49
0689_0019_0035_0038_0038.jpg 1 19 35 38 38
0690_0018_0023_0052_0052.jpg 1 18 23 52 52
0691_0036_0008_0056_0056.jpg 1 36 8 56 56
0692_0036_0037_0049_0049.jpg 1 36 37 49 49
0693_0039_0010_0048_0048.jpg 1 39 10 48 48
0694_0026_0047_0045_0045.jpg 1 26 47 45 45
0695_0014_0029_0052_0052.jpg 1 14 29 52 52
0696_0056_0042_0027_0027.jpg 1 56 42 27 27
0697_0038_0027_0054_0054.jpg 1 38 27 54 54
0698_0020_0021_0068_0068.jpg 1 20 21 68 68
0699_0008_0029_0066_0066.jpg 1 8 29 66 66
0700_0019_0017_0050_0050.jpg 1 19 17 50 50
0701_0049_0063_0028_0028.jpg 1 49 63 28 28
0702_0042_0047_0029_0029.jpg 1 42 47 29 29
0703_0022_0026_0061_0061.jpg 1 22 26 61 61
0704_0026_0025_0039_0039.jpg 1 26 25 39 39
0705_0040_0028_0037_0037.jpg 1 40 28 37 37
0706_0024_0020_0039_0039.jpg 1 24 20 39 39
0707_0032_0045_0032_0032.jpg 1 32 45 32 32
0708_0023_0041_0050_0050.jpg 1 23 41 50 50
0709_0032_0015_0046_0046.jpg 1 32 15 46 46
0710_0042_0036_0048_0048.jpg 1 42 36 48 48
0711_0027_0016_0037_0037.jpg 1 27 16 37 37
0712_0038_0012_0045_0045.jpg 1 38 12 45 45
0713_0036_0017_0042_0042.jpg 1 36 17 42 42
0714_0012_0009_0063_0063.jpg 1 12 9 63 63
0715_0018_0028_0048_0048.jpg 1 18 28 48 48
0716_0019_0051_0042_0042.jpg 1 19 51 42 42
0717_0031_0020_0059_0059.jpg 1 31 20 59 59
0718_0056_0052_0036_0036.jpg 1 56 52 36 36
0719_0023_0020_0062_0062.jpg 1 23 20 62 62
0720_0050_0014_0039_0039.jpg 1 50 14 39 39
0721_0022_0035_0042_0042.jpg 1 22 35 42 42
0722_0027_0036_0031_0031.jpg 1 27 36 31 31
0723_0010_0020_0068_0068.jpg 1 10 20 68 68
0724_0019_0041_0052_0052.jpg 1 19 41 52 52
0725_0007_0063_0028_0028.jpg 1 7 63 28 28
0726_0021_0029_0063_0063.jpg 1 21 29 63 63
0727_0030_0021_0032_0032.jpg 1 30 21 32 32
0728_0021_0025_0069_0069.jpg 1 21 25 69 69
0729_0044_0007_0035_0035.jpg 1 44 7 35 35
0730_0061_0018_0031_0031.jpg 1 61 18 31 31
0731_0055_0026_0036_0036.jpg 1 55 26 36 36
0732_0008_0032_0032_0032.jpg 1 8 32 32 32
0733_0011_0031_0054_0054.jpg 1 11 31 54 54
0734_0025_0013_0058_0058.jpg 1 25 13 58 58
0735_0012_0005_0053_0053.jpg 1 12 5 53 53
0736_0009_0014_0066_0066.jpg 1 9 14 66 66
0737_0020_0017_0024_0024.jpg 1 20 17 24 24
0738_0017_0029_0053_0053.jpg 1 17 29 53 53
0739_0026_0028_0034_0034.jpg 1 26 28 34 34
0740_0034_0058_0028_0028.jpg 1 34 58 28 28
0741_0024_0048_0036_0036.jpg 1 24 48 36 36
0742_0031_0011_0059_0059.jpg 1 31 11 59 59
0743_0031_0058_0024_0024.jpg 1 31 58 24 24
0744_0011_0008_0057_0057.jpg 1 11 8 57 57
0745_0060_0009_0025_0025.jpg 1 60 9 25 25
0746_0025_0021_0024_0024.jpg 1 25 21 24 24
0747_0003_0013_0069_0069.jpg 1 3 13 69 69
0748_0017_0031_0059_0059.jpg 1 17 31 59 59
0749_0052_0026_0038_0038.jpg 1 52 26 38 38
0750_0013_0019_0025_0025.jpg 1 13 19 25 25
0751_0009_0012_0069_0069.jpg 1 9 12 69 69
0752_0035_0022_0052_0052.jpg 1 35 22 52 52
0753_0037_0007_0052_0052.jpg 1 37 7 52 52
0754_0007_0012_0057_0057.jpg 1 7 12 57 57
0755_0021_0027_0062_0062.jpg 1 21 27 62 62
0756_0004_0026_0066_0066.jpg 1 4 26 66 66
0757_0012_0018_0069_0069.jpg 1 12 18 69 69
0758_0030_0020_0063_0063.jpg 1 30 20 63 63
0759_0007_0024_0035_0035.jpg 1 7 24 35 35
0760_0026_0052_0024_0024.jpg 1 26 52 24 24
0761_0009_0019_0056_0056.jpg 1 9 19 56 56
0762_0052_0014_0027_0027.jpg 1 52 14 27 27
0763_0010_0022_0038_0038.jpg 1 10 22 38 38
0764_0029_0020_0036_0036.jpg 1 29 20 36 36
0765_0045_0024_0044_0044.jpg 1 45 24 44 44
0766_0009_0011_0067_0067.jpg 1 9 11 67 67
0767_0032_0008_0035_0035.jpg 1 32 8 35 35
0768_0028_0011_0057_0057.jpg 1 28 11 57 57
0769_0019_0033_0056_0056.jpg 1 19 33 56 56
0770_0019_0035_0058_0058.jpg 1 19 35 58 58
0771_0035_0049_0039_0039.jpg 1 35 49 39 39
0772_0032_0010_0054_0054.jpg 1 32 10 54 54
0773_0007_0008_0052_0052.jpg 1 7 8 52 52
0774_0017_0044_0032_0032.jpg 1 17 44 32 32
0775_0011_0009_0066_0066.jpg 1 11 9 66 66
0776_0030_0024_0047_0047.jpg 1 30 24 47 47
0777_0012_0019_0055_0055.jpg 1 12 19 55 55
0778_0005_0028_0055_0055.jpg 1 5 28 55 55
0779_0014_0032_0057_0057.jpg 1 14 32 57 57
0780_0030_0039_0027_0027.jpg 1 30 39 27 27
0781_0005_0031_0063_0063.jpg 1 5 31 63 63
0782_0043_0017_0049_0049.jpg 1 43 17 49 49
0783_0013_0022_0042_0042.jpg 1 13 22 42 42
0784_0044_0048_0031_0031.jpg 1 44 48 31 31
0785_0018_0040_0054_0054.jpg 1 18 40 54 54
0786_0042_0029_0043_0043.jpg 1 42 29 43 43
0787_0035_0041_0036_0036.jpg 1 35 41 36 36
0788_0009_0019_0061_0061.jpg 1 9 19 61 61
0789_0026_0029_0065_0065.jpg 1 26 29 65 65
0790_0040_0021_0055_0055.jpg 1 40 21 55 55
0791_0013_0034_0036_0036.jpg 1 13 34 36 36
0792_0018_0043_0047_0047.jpg 1 18 43 47 47
0793_0021_0009_0045_0045.jpg 1 21 9 45 45
0794_0009_0010_0028_0028.jpg 1 9 10 28 28
0795_0045_0015_0026_0026.jpg 1 45 15 26 26
0796_0048_0034_0031_0031.jpg 1 48 34 31 31
0797_0027_0008_0052_0052.jpg 1 27 8 52 52
0798_0011_0040_0031_0031.jpg 1 11 40 31 31
0799_0046_0025_0028_0028.jpg 1 46 25 28 28
0800_0005_0014_0046_0046.jpg 1 5 14 46 46
0801_0055_0019_0037_0037.jpg 1 55 19 37 37
0802_0018_0027_0060_0060.jpg 1 18 27 60 60
0803_0018_0016_0055_0055.jpg 1 18 16 55 55
0804_0018_0023_0046_0046.jpg 1 18 23 46 46
0805_0029_0005_0061_0061.jpg 1 29 5 61 61
0806_0012_0032_0062_0062.jpg 1 12 32 62 62
0807_0031_0029_0063_0063.jpg 1 31 29 63 63
0808_0034_0040_0048_0048.jpg 1 34 40 48 48
0809_0052_0020_0036_0036.jpg 1 52 20 36 36
0810_0030_0033_0058_0058.jpg 1 30 33 58 58
0811_0006_0016_0069_0069.jpg 1 6 16 69 69
0812_0064_0041_0028_0028.jpg 1 64 41 28 28
0813_0015_0012_0063_0063.jpg 1 15 12 63 63
0814_0036_0019_0047_0047.jpg 1 36 19 47 47
0815_0021_0018_0066_0066.jpg 1 21 18 66 66
0816_0011_0009_0055_0055.jpg 1 11 9 55 55
0817_0023_0041_0046_0046.jpg 1 23 41 46 46
0818_0018_0045_0043_0043.jpg 1 18 45 43 43
0819_0008_0037_0024_0024.jpg 1 8 37 24 24
